<?xml version="1.0" encoding="UTF-8"?>
<!-- Generated by org.testng.reporters.JUnitReportReporter -->
<testsuite hostname="DESKTOP-TFQQJR1" failures="0" tests="1" name="Test.LoginandLogoutTest" time="5.290" errors="0" timestamp="2021-05-23T16:12:28 EDT" skipped="0">
  <testcase classname="Test.LoginandLogoutTest" name="LoginLogoutFunction" time="5.290"/>
  <system-out/>
</testsuite> <!-- Test.LoginandLogoutTest -->
